TN:
SF:src/main.jsx
FNF:0
FNH:0
DA:8,0
DA:9,0
LF:2
LH:0
BRF:0
BRH:0
end_of_record
TN:
SF:src/setupTests.js
FNF:0
FNH:0
LF:0
LH:0
BRF:0
BRH:0
end_of_record
TN:
SF:src/components/Application.jsx
FN:14,Application
FN:25,(anonymous_1)
FNF:2
FNH:0
FNDA:0,Application
FNDA:0,(anonymous_1)
DA:20,0
DA:22,0
DA:24,0
DA:26,0
DA:39,0
LF:5
LH:0
BRF:0
BRH:0
end_of_record
TN:
SF:src/components/Button.jsx
FN:5,Button
FNF:1
FNH:1
FNDA:29,Button
DA:6,29
DA:11,29
LF:2
LH:2
BRF:0
BRH:0
end_of_record
TN:
SF:src/components/DayList.jsx
FN:3,DayList
FN:4,(anonymous_1)
FNF:2
FNH:0
FNDA:0,DayList
FNDA:0,(anonymous_1)
DA:4,0
DA:5,0
DA:16,0
LF:3
LH:0
BRF:0
BRH:0
end_of_record
TN:
SF:src/components/DayListItem.jsx
FN:5,formatSpots
FN:12,DayListItem
FN:21,(anonymous_2)
FNF:3
FNH:0
FNDA:0,formatSpots
FNDA:0,DayListItem
FNDA:0,(anonymous_2)
DA:6,0
DA:7,0
DA:9,0
DA:13,0
DA:18,0
DA:21,0
LF:6
LH:0
BRDA:6,0,0,0
BRDA:6,0,1,0
BRDA:7,1,0,0
BRDA:7,1,1,0
BRF:4
BRH:0
end_of_record
TN:
SF:src/components/InterviewerList.jsx
FN:7,InterviewerList
FN:8,(anonymous_1)
FN:16,(anonymous_2)
FNF:3
FNH:2
FNDA:14,InterviewerList
FNDA:14,(anonymous_1)
FNDA:0,(anonymous_2)
DA:8,14
DA:9,14
DA:16,0
DA:21,14
DA:29,2
LF:5
LH:4
BRF:0
BRH:0
end_of_record
TN:
SF:src/components/InterviewerListItem.jsx
FN:5,InterviewerItem
FNF:1
FNH:1
FNDA:14,InterviewerItem
DA:6,14
DA:10,14
LF:2
LH:2
BRDA:17,0,0,14
BRDA:17,0,1,4
BRF:2
BRH:2
end_of_record
TN:
SF:src/components/Appointment/Confirm.jsx
FN:3,Confirm
FNF:1
FNH:0
FNDA:0,Confirm
DA:4,0
LF:1
LH:0
BRF:0
BRH:0
end_of_record
TN:
SF:src/components/Appointment/Empty.jsx
FN:1,Empty
FNF:1
FNH:1
FNDA:1,Empty
DA:2,1
LF:1
LH:1
BRF:0
BRH:0
end_of_record
TN:
SF:src/components/Appointment/Error.jsx
FN:1,Error
FNF:1
FNH:0
FNDA:0,Error
DA:2,0
LF:1
LH:0
BRF:0
BRH:0
end_of_record
TN:
SF:src/components/Appointment/Form.jsx
FN:6,Form
FN:11,reset
FN:16,cancel
FN:21,validate
FN:39,(anonymous_4)
FN:46,(anonymous_5)
FNF:6
FNH:5
FNDA:14,Form
FNDA:1,reset
FNDA:1,cancel
FNDA:5,validate
FNDA:0,(anonymous_4)
FNDA:2,(anonymous_5)
DA:7,14
DA:8,14
DA:9,14
DA:12,1
DA:13,1
DA:17,1
DA:18,1
DA:22,5
DA:23,2
DA:24,2
DA:27,3
DA:28,2
DA:29,2
DA:32,1
DA:33,1
DA:36,14
DA:39,0
DA:47,2
LF:18
LH:17
BRDA:7,0,0,14
BRDA:7,0,1,7
BRDA:8,1,0,14
BRDA:8,1,1,10
BRDA:22,2,0,2
BRDA:22,2,1,3
BRDA:27,3,0,2
BRDA:27,3,1,1
BRF:8
BRH:8
end_of_record
TN:
SF:src/components/Appointment/Header.jsx
FN:1,Header
FNF:1
FNH:1
FNDA:1,Header
DA:2,1
LF:1
LH:1
BRF:0
BRH:0
end_of_record
TN:
SF:src/components/Appointment/Show.jsx
FN:1,Show
FNF:1
FNH:0
FNDA:0,Show
DA:2,0
LF:1
LH:0
BRDA:9,0,0,0
BRDA:9,0,1,0
BRF:2
BRH:0
end_of_record
TN:
SF:src/components/Appointment/Status.jsx
FN:1,Status
FNF:1
FNH:0
FNDA:0,Status
DA:2,0
LF:1
LH:0
BRF:0
BRH:0
end_of_record
TN:
SF:src/components/Appointment/index.jsx
FN:24,Appointment
FN:29,save
FN:39,(anonymous_2)
FN:40,(anonymous_3)
FN:43,destroy
FN:47,(anonymous_5)
FN:48,(anonymous_6)
FN:56,(anonymous_7)
FN:65,(anonymous_8)
FN:66,(anonymous_9)
FNF:10
FNH:1
FNDA:1,Appointment
FNDA:0,save
FNDA:0,(anonymous_2)
FNDA:0,(anonymous_3)
FNDA:0,destroy
FNDA:0,(anonymous_5)
FNDA:0,(anonymous_6)
FNDA:0,(anonymous_7)
FNDA:0,(anonymous_8)
FNDA:0,(anonymous_9)
DA:14,1
DA:15,1
DA:16,1
DA:17,1
DA:18,1
DA:19,1
DA:20,1
DA:21,1
DA:22,1
DA:25,1
DA:30,0
DA:35,0
DA:37,0
DA:39,0
DA:40,0
DA:44,0
DA:45,0
DA:47,0
DA:48,0
DA:51,1
DA:57,0
DA:65,0
DA:66,0
LF:23
LH:11
BRDA:26,0,0,0
BRDA:26,0,1,1
BRDA:54,1,0,1
BRDA:54,1,1,1
BRDA:61,2,0,1
BRDA:61,2,1,0
BRDA:69,3,0,1
BRDA:69,3,1,0
BRDA:72,4,0,1
BRDA:72,4,1,0
BRDA:81,5,0,1
BRDA:81,5,1,0
BRDA:82,6,0,1
BRDA:82,6,1,0
BRDA:83,7,0,1
BRDA:83,7,1,0
BRDA:90,8,0,1
BRDA:90,8,1,0
BRDA:93,9,0,1
BRDA:93,9,1,0
BRF:20
BRH:11
end_of_record
TN:
SF:src/helpers/selectors.js
FN:1,getAppointmentsForDay
FN:2,(anonymous_1)
FN:6,(anonymous_2)
FN:9,getInterviewersForDay
FN:10,(anonymous_4)
FN:14,(anonymous_5)
FN:17,getInterview
FNF:7
FNH:7
FNDA:5,getAppointmentsForDay
FNDA:6,(anonymous_1)
FNDA:8,(anonymous_2)
FNDA:5,getInterviewersForDay
FNDA:6,(anonymous_4)
FNDA:6,(anonymous_5)
FNDA:2,getInterview
DA:2,6
DA:4,5
DA:6,8
DA:10,6
DA:12,5
DA:14,6
DA:18,2
LF:7
LH:7
BRDA:4,0,0,2
BRDA:4,0,1,3
BRDA:4,1,0,5
BRDA:4,1,1,4
BRDA:12,2,0,2
BRDA:12,2,1,3
BRDA:12,3,0,5
BRDA:12,3,1,4
BRDA:19,4,0,2
BRDA:19,4,1,1
BRF:10
BRH:10
end_of_record
TN:
SF:src/hooks/useApplicationData.js
FN:11,useApplicationData
FN:19,(anonymous_1)
FN:21,(anonymous_2)
FN:27,(anonymous_3)
FN:37,bookInterview
FN:38,(anonymous_5)
FN:47,cancelInterview
FN:48,(anonymous_7)
FNF:8
FNH:0
FNDA:0,useApplicationData
FNDA:0,(anonymous_1)
FNDA:0,(anonymous_2)
FNDA:0,(anonymous_3)
FNDA:0,bookInterview
FNDA:0,(anonymous_5)
FNDA:0,cancelInterview
FNDA:0,(anonymous_7)
DA:12,0
DA:19,0
DA:21,0
DA:22,0
DA:28,0
DA:38,0
DA:39,0
DA:48,0
DA:49,0
DA:57,0
LF:10
LH:0
BRF:0
BRH:0
end_of_record
TN:
SF:src/hooks/useRealtimeUpdate.js
FN:4,useRealtimeUpdate
FN:5,(anonymous_1)
FN:8,(anonymous_2)
FN:16,(anonymous_3)
FNF:4
FNH:0
FNDA:0,useRealtimeUpdate
FNDA:0,(anonymous_1)
FNDA:0,(anonymous_2)
FNDA:0,(anonymous_3)
DA:5,0
DA:6,0
DA:8,0
DA:9,0
DA:11,0
DA:12,0
DA:16,0
DA:17,0
LF:8
LH:0
BRDA:11,0,0,0
BRDA:11,0,1,0
BRDA:11,1,0,0
BRDA:11,1,1,0
BRF:4
BRH:0
end_of_record
TN:
SF:src/hooks/useVisualMode.js
FN:3,useVisualMode
FN:6,transition
FN:7,(anonymous_2)
FN:16,back
FN:18,(anonymous_4)
FNF:5
FNH:5
FNDA:14,useVisualMode
FNDA:5,transition
FNDA:5,(anonymous_2)
FNDA:4,back
FNDA:3,(anonymous_4)
DA:4,14
DA:7,5
DA:8,5
DA:9,1
DA:11,4
DA:17,4
DA:18,3
DA:21,14
LF:8
LH:8
BRDA:6,0,0,4
BRDA:8,1,0,1
BRDA:8,1,1,4
BRDA:17,2,0,4
BRDA:17,2,1,3
BRF:5
BRH:5
end_of_record
TN:
SF:src/reducers/application.js
FN:5,reducer
FN:27,(anonymous_1)
FN:30,(anonymous_2)
FN:34,(anonymous_3)
FNF:4
FNH:1
FNDA:1,reducer
FNDA:0,(anonymous_1)
FNDA:0,(anonymous_2)
FNDA:0,(anonymous_3)
DA:1,1
DA:2,1
DA:3,1
DA:6,1
DA:8,0
DA:10,0
DA:17,0
DA:22,0
DA:27,0
DA:28,0
DA:30,0
DA:34,0
DA:35,0
DA:43,0
DA:50,1
LF:15
LH:5
BRDA:6,0,0,0
BRDA:6,0,1,0
BRDA:6,0,2,0
BRDA:6,0,3,1
BRDA:19,1,0,0
BRDA:19,1,1,0
BRDA:30,2,0,0
BRDA:30,2,1,0
BRDA:35,3,0,0
BRDA:35,3,1,0
BRF:10
BRH:1
end_of_record
